DEBUG 2019-05-13 07:08:43,835: 	 Executing command: 'submit'
DEBUG 2019-05-13 07:08:43,836: 	 Found CRAB cache file /afs/cern.ch/user/r/ragomesd/.crab3
DEBUG 2019-05-13 07:08:43,845: 	 Checking credentials
DEBUG 2019-05-13 07:08:43,847: 	 Found proxy file /tmp/x509up_u112971
DEBUG 2019-05-13 07:08:43,847: 	 Getting proxy life time left
DEBUG 2019-05-13 07:08:44,653: 	 Executing : 
 command : voms-proxy-info -file /tmp/x509up_u112971 -timeleft
 output : 42788

 error: 
 retcode : 0
DEBUG 2019-05-13 07:08:46,062: 	 Executing : 
 command : voms-proxy-info -file /tmp/x509up_u112971 -actimeleft
 output : 42787

 error: 
 retcode : 0
DEBUG 2019-05-13 07:08:46,062: 	 Proxy lifetime 42788 secs is different from voms extension lifetime 42787 secs for proxy: /tmp/x509up_u112971
DEBUG 2019-05-13 07:08:46,062: 	 Proxy valid for 11:53:07 hours
INFO 2019-05-13 07:08:46,062: 	 Will use CRAB configuration file crab_Bparking_Run2018A_config.py
DEBUG 2019-05-13 07:08:46,062: 	 Loading CRAB configuration file.
DEBUG 2019-05-13 07:08:46,064: 	 Will use CRAB Analysis plugin (i.e. will run an analysis job type).
DEBUG 2019-05-13 07:08:46,222: 	 Executing : 
 command : openssl x509 -in ~/.globus/usercert.pem -subject -noout
 output : subject= /DC=ch/DC=cern/OU=Organic Units/OU=Users/CN=ragomesd/CN=829123/CN=Raphael Gomes De Souza

 error: 
 retcode : 0
DEBUG 2019-05-13 07:08:46,222: 	 Checking credentials
DEBUG 2019-05-13 07:08:46,222: 	 Found proxy file /tmp/x509up_u112971
DEBUG 2019-05-13 07:08:46,222: 	 Getting proxy life time left
DEBUG 2019-05-13 07:08:46,934: 	 Executing : 
 command : voms-proxy-info -file /tmp/x509up_u112971 -timeleft
 output : 42786

 error: 
 retcode : 0
DEBUG 2019-05-13 07:08:47,643: 	 Executing : 
 command : voms-proxy-info -file /tmp/x509up_u112971 -actimeleft
 output : 42785

 error: 
 retcode : 0
DEBUG 2019-05-13 07:08:47,643: 	 Proxy lifetime 42786 secs is different from voms extension lifetime 42785 secs for proxy: /tmp/x509up_u112971
DEBUG 2019-05-13 07:08:47,644: 	 Proxy valid for 11:53:05 hours
DEBUG 2019-05-13 07:08:48,349: 	 Executing : 
 command : env X509_USER_PROXY=/tmp/x509up_u112971 voms-proxy-info -fqan
 output : /cms/Role=NULL/Capability=NULL

 error: 
 retcode : 0
DEBUG 2019-05-13 07:13:35,910: 	 Registering user credentials for server /DC=ch/DC=cern/OU=computers/CN=vocms(052|058|030|0118|0105|0109).cern.ch|/DC=ch/DC=cern/OU=computers/CN=crab-(preprod|prod)-tw(02|01).cern.ch
DEBUG 2019-05-13 07:13:36,343: 	 Executing : 
 command : openssl x509 -in ~/.globus/usercert.pem -subject -noout
 output : subject= /DC=ch/DC=cern/OU=Organic Units/OU=Users/CN=ragomesd/CN=829123/CN=Raphael Gomes De Souza

 error: 
 retcode : 0
DEBUG 2019-05-13 07:13:36,344: 	 Getting myproxy life time left for myproxy.cern.ch
DEBUG 2019-05-13 07:13:36,344: 	 Calculating hash of /DC=ch/DC=cern/OU=Organic Units/OU=Users/CN=ragomesd/CN=829123/CN=Raphael Gomes De Souza_cmsweb.cern.ch for credential name
DEBUG 2019-05-13 07:13:36,750: 	 Executing : 
 command : myproxy-info -l e6f36235a4c9dd8c188047c7ea60cbfd99ff316e -s myproxy.cern.ch
 output : username: e6f36235a4c9dd8c188047c7ea60cbfd99ff316e
owner: /DC=ch/DC=cern/OU=Organic Units/OU=Users/CN=ragomesd/CN=829123/CN=Raphael Gomes De Souza
  renewal policy: /DC=ch/DC=cern/OU=computers/CN=vocms(052|058|030|0118|0105|0109).cern.ch|/DC=ch/DC=cern/OU=computers/CN=crab-(preprod|prod)-tw(02|01).cern.ch
  trusted retrieval policy: /DC=ch/DC=cern/OU=computers/CN=vocms(052|058|030|0118|0105|0109).cern.ch|/DC=ch/DC=cern/OU=computers/CN=crab-(preprod|prod)-tw(02|01).cern.ch
  timeleft: 460:36:57  (19.2 days)

 error: 
 retcode : 0
DEBUG 2019-05-13 07:13:36,753: 	 Myproxy is valid: 1658217
DEBUG 2019-05-13 07:13:36,753: 	 Command use: submit
DEBUG 2019-05-13 07:13:36,753: 	 Options use: ['-c', 'crab_Bparking_Run2018A_config.py']
DEBUG 2019-05-13 07:13:44,839: 	 CRABClient version: 3.3.1904
DEBUG 2019-05-13 07:13:44,839: 	 Instance is prod
DEBUG 2019-05-13 07:13:44,839: 	 Server base url is cmsweb.cern.ch
DEBUG 2019-05-13 07:13:44,839: 	 Command url /crabserver/prod/workflow
DEBUG 2019-05-13 07:13:44,839: 	 Started submission
DEBUG 2019-05-13 07:13:44,839: 	 Working on /afs/cern.ch/work/r/ragomesd/B_parking/CMSSW_10_2_7/src/BanalysisMiniAOD-1/BAnalyzer/python/crab_Run2018A/crab_Bparking_Run2018A
ERROR 2019-05-13 07:18:39,573: 	 (35, 'OpenSSL SSL_connect: SSL_ERROR_SYSCALL in connection to cmsweb.cern.ch:443 ')
ERROR 2019-05-13 07:18:39,575: 	 Caught exception
Traceback (most recent call last):
  File "/cvmfs/cms.cern.ch/crab3/slc6_amd64_gcc493/cms/crabclient/3.3.1904/bin/crab", line 161, in <module>
    client()
  File "/cvmfs/cms.cern.ch/crab3/slc6_amd64_gcc493/cms/crabclient/3.3.1904/bin/crab", line 148, in __call__
    self.cmd()
  File "/cvmfs/cms.cern.ch/crab3/slc6_amd64_gcc493/cms/crabclient/3.3.1904/lib/python2.7/site-packages/CRABClient/Commands/submit.py", line 95, in __call__
    serverBackendURLs = server_info('backendurls', self.serverurl, self.proxyfilename, getUrl(self.instance, resource='info'))
  File "/cvmfs/cms.cern.ch/crab3/slc6_amd64_gcc493/cms/crabclient/3.3.1904/lib/python2.7/site-packages/CRABClient/ClientUtilities.py", line 782, in server_info
    dictresult, dummyStatus, dummyReason = server.get(baseurl, requestdict)
  File "/cvmfs/cms.cern.ch/crab3/slc6_amd64_gcc493/cms/crabclient/3.3.1904/lib/python2.7/site-packages/RESTInteractions.py", line 80, in get
    return self.makeRequest(uri = uri, data = data, verb = 'GET')
  File "/cvmfs/cms.cern.ch/crab3/slc6_amd64_gcc493/cms/crabclient/3.3.1904/lib/python2.7/site-packages/RESTInteractions.py", line 129, in makeRequest
    capath=caCertPath, verbose=self['verbose'])
  File "/cvmfs/cms.cern.ch/crab3/slc6_amd64_gcc493/cms/crabclient/3.3.1904/lib/python2.7/site-packages/WMCore/Services/pycurl_manager.py", line 229, in request
    curl.perform()
error: (35, 'OpenSSL SSL_connect: SSL_ERROR_SYSCALL in connection to cmsweb.cern.ch:443 ')
INFO 2019-05-13 07:18:39,575: 	 It seems the CMSWEB frontend is not responding. Please check: https://twiki.cern.ch/twiki/bin/viewauth/CMS/ScheduledInterventions?sortcol=3;table=1;up=2#sorted_table
INFO 2019-05-13 07:18:39,604: 	 Log file is /afs/cern.ch/work/r/ragomesd/B_parking/CMSSW_10_2_7/src/BanalysisMiniAOD-1/BAnalyzer/python/crab_Run2018A/crab_Bparking_Run2018A/crab.log
